<?xml version="1.0" encoding="UTF-8" ?>
<testsuite failures="5" time="0.289" errors="7" skipped="0" tests="81" name="br.inf.ufg.fabrica.mr.ImplementacaoMRTest">
  <properties>
[...]
</properties>
  <testcase time="0.018" classname="br.inf.ufg.fabrica.mr.ImplementacaoMRTest" name="testObtemInteiroVersionedCompositionThrows2"/>
  <testcase time="0" classname="br.inf.ufg.fabrica.mr.ImplementacaoMRTest" name="testObtemInteiroFeederAuditDetailsThrows1"/>
  <testcase time="0" classname="br.inf.ufg.fabrica.mr.ImplementacaoMRTest" name="testObtemInteiroFeederAuditDetailsThrows2"/>
  <testcase time="0" classname="br.inf.ufg.fabrica.mr.ImplementacaoMRTest" name="testObtemTextoFeederAuditDetailsThrows1"/>
  <testcase time="0" classname="br.inf.ufg.fabrica.mr.ImplementacaoMRTest" name="testObtemTextoFeederAuditDetailsThrows2"/>
  <testcase time="0.007" classname="br.inf.ufg.fabrica.mr.ImplementacaoMRTest" name="testObtemInteiroVersionedCompositionThrows1">
    <failure message="Expected test to throw (exception with message a string containing &quot;O campo não existe!&quot; and an instance of java.lang.IllegalArgumentException)" type="java.lang.AssertionError">java.lang.AssertionError: Expected test to throw (exception with message a string containing &quot;O campo não existe!&quot; and an instance of java.lang.IllegalArgumentException)
	at org.junit.rules.ExpectedException$ExpectedExceptionStatement.evaluate(ExpectedException.java:118)
	at org.junit.runners.BlockJUnit4ClassRunner.runChild(BlockJUnit4ClassRunner.java:76)
	at org.junit.runners.BlockJUnit4ClassRunner.runChild(BlockJUnit4ClassRunner.java:50)
	at org.junit.runners.ParentRunner$3.run(ParentRunner.java:193)
	at org.junit.runners.ParentRunner$1.schedule(ParentRunner.java:52)
	at org.junit.runners.ParentRunner.runChildren(ParentRunner.java:191)
	at org.junit.runners.ParentRunner.access$000(ParentRunner.java:42)
	at org.junit.runners.ParentRunner$2.evaluate(ParentRunner.java:184)
	at org.junit.runners.ParentRunner.run(ParentRunner.java:236)
	at org.apache.maven.surefire.junit4.JUnit4TestSet.execute(JUnit4TestSet.java:53)
	at org.apache.maven.surefire.junit4.JUnit4Provider.executeTestSet(JUnit4Provider.java:123)
	at org.apache.maven.surefire.junit4.JUnit4Provider.invoke(JUnit4Provider.java:104)
	at sun.reflect.NativeMethodAccessorImpl.invoke0(Native Method)
	at sun.reflect.NativeMethodAccessorImpl.invoke(NativeMethodAccessorImpl.java:57)
	at sun.reflect.DelegatingMethodAccessorImpl.invoke(DelegatingMethodAccessorImpl.java:43)
	at java.lang.reflect.Method.invoke(Method.java:606)
	at org.apache.maven.surefire.util.ReflectionUtils.invokeMethodWithArray(ReflectionUtils.java:164)
	at org.apache.maven.surefire.booter.ProviderFactory$ProviderProxy.invoke(ProviderFactory.java:110)
	at org.apache.maven.surefire.booter.SurefireStarter.invokeProvider(SurefireStarter.java:175)
	at org.apache.maven.surefire.booter.SurefireStarter.runSuitesInProcessWhenForked(SurefireStarter.java:107)
	at org.apache.maven.surefire.booter.ForkedBooter.main(ForkedBooter.java:68)
</failure>
  </testcase>
  <testcase time="0" classname="br.inf.ufg.fabrica.mr.ImplementacaoMRTest" name="testObtemTextoArchetypedThrows1"/>
  <testcase time="0.001" classname="br.inf.ufg.fabrica.mr.ImplementacaoMRTest" name="testObtemInteiroArchetypedThrows1"/>
  <testcase time="0" classname="br.inf.ufg.fabrica.mr.ImplementacaoMRTest" name="testObtemInteiroIsmTransitionThrows2"/>
  <testcase time="0" classname="br.inf.ufg.fabrica.mr.ImplementacaoMRTest" name="testObtemTextoArchetypedThrows2"/>
  <testcase time="0" classname="br.inf.ufg.fabrica.mr.ImplementacaoMRTest" name="testObtemInteiroArchetypedThrows2"/>
  <testcase time="0.001" classname="br.inf.ufg.fabrica.mr.ImplementacaoMRTest" name="testObtemInteiroIsmTRansitionThrows1"/>
  <testcase time="0.003" classname="br.inf.ufg.fabrica.mr.ImplementacaoMRTest" name="testObtemInteiroGenericEntryThrows1">
    <failure message="Expected test to throw (exception with message a string containing &quot;O campo não existe!&quot; and an instance of java.lang.IllegalArgumentException)" type="java.lang.AssertionError">java.lang.AssertionError: Expected test to throw (exception with message a string containing &quot;O campo não existe!&quot; and an instance of java.lang.IllegalArgumentException)
	at org.junit.rules.ExpectedException$ExpectedExceptionStatement.evaluate(ExpectedException.java:118)
	at org.junit.runners.BlockJUnit4ClassRunner.runChild(BlockJUnit4ClassRunner.java:76)
	at org.junit.runners.BlockJUnit4ClassRunner.runChild(BlockJUnit4ClassRunner.java:50)
	at org.junit.runners.ParentRunner$3.run(ParentRunner.java:193)
	at org.junit.runners.ParentRunner$1.schedule(ParentRunner.java:52)
	at org.junit.runners.ParentRunner.runChildren(ParentRunner.java:191)
	at org.junit.runners.ParentRunner.access$000(ParentRunner.java:42)
	at org.junit.runners.ParentRunner$2.evaluate(ParentRunner.java:184)
	at org.junit.runners.ParentRunner.run(ParentRunner.java:236)
	at org.apache.maven.surefire.junit4.JUnit4TestSet.execute(JUnit4TestSet.java:53)
	at org.apache.maven.surefire.junit4.JUnit4Provider.executeTestSet(JUnit4Provider.java:123)
	at org.apache.maven.surefire.junit4.JUnit4Provider.invoke(JUnit4Provider.java:104)
	at sun.reflect.NativeMethodAccessorImpl.invoke0(Native Method)
	at sun.reflect.NativeMethodAccessorImpl.invoke(NativeMethodAccessorImpl.java:57)
	at sun.reflect.DelegatingMethodAccessorImpl.invoke(DelegatingMethodAccessorImpl.java:43)
	at java.lang.reflect.Method.invoke(Method.java:606)
	at org.apache.maven.surefire.util.ReflectionUtils.invokeMethodWithArray(ReflectionUtils.java:164)
	at org.apache.maven.surefire.booter.ProviderFactory$ProviderProxy.invoke(ProviderFactory.java:110)
	at org.apache.maven.surefire.booter.SurefireStarter.invokeProvider(SurefireStarter.java:175)
	at org.apache.maven.surefire.booter.SurefireStarter.runSuitesInProcessWhenForked(SurefireStarter.java:107)
	at org.apache.maven.surefire.booter.ForkedBooter.main(ForkedBooter.java:68)
</failure>
  </testcase>
  <testcase time="0.001" classname="br.inf.ufg.fabrica.mr.ImplementacaoMRTest" name="testObtemInteiroInstructionDetailsThrows2"/>
  <testcase time="0" classname="br.inf.ufg.fabrica.mr.ImplementacaoMRTest" name="testObtemTextoDvParsableThrows2"/>
  <testcase time="0.002" classname="br.inf.ufg.fabrica.mr.ImplementacaoMRTest" name="testObtemTextoCodePhraseDetailsThrows2"/>
  <testcase time="0.002" classname="br.inf.ufg.fabrica.mr.ImplementacaoMRTest" name="testObtemInteiroInstructionDetailsThrows1"/>
  <testcase time="0.001" classname="br.inf.ufg.fabrica.mr.ImplementacaoMRTest" name="testObtemTextoInstructionDetailsThrows2"/>
  <testcase time="0.001" classname="br.inf.ufg.fabrica.mr.ImplementacaoMRTest" name="testObtemInteiroGenericEntryThrows2"/>
  <testcase time="0.003" classname="br.inf.ufg.fabrica.mr.ImplementacaoMRTest" name="testObtemTextoDvParsableThrows1">
    <failure message="Expected test to throw (exception with message a string containing &quot;O campo não existe!&quot; and an instance of java.lang.IllegalArgumentException)" type="java.lang.AssertionError">java.lang.AssertionError: Expected test to throw (exception with message a string containing &quot;O campo não existe!&quot; and an instance of java.lang.IllegalArgumentException)
	at org.junit.rules.ExpectedException$ExpectedExceptionStatement.evaluate(ExpectedException.java:118)
	at org.junit.runners.BlockJUnit4ClassRunner.runChild(BlockJUnit4ClassRunner.java:76)
	at org.junit.runners.BlockJUnit4ClassRunner.runChild(BlockJUnit4ClassRunner.java:50)
	at org.junit.runners.ParentRunner$3.run(ParentRunner.java:193)
	at org.junit.runners.ParentRunner$1.schedule(ParentRunner.java:52)
	at org.junit.runners.ParentRunner.runChildren(ParentRunner.java:191)
	at org.junit.runners.ParentRunner.access$000(ParentRunner.java:42)
	at org.junit.runners.ParentRunner$2.evaluate(ParentRunner.java:184)
	at org.junit.runners.ParentRunner.run(ParentRunner.java:236)
	at org.apache.maven.surefire.junit4.JUnit4TestSet.execute(JUnit4TestSet.java:53)
	at org.apache.maven.surefire.junit4.JUnit4Provider.executeTestSet(JUnit4Provider.java:123)
	at org.apache.maven.surefire.junit4.JUnit4Provider.invoke(JUnit4Provider.java:104)
	at sun.reflect.NativeMethodAccessorImpl.invoke0(Native Method)
	at sun.reflect.NativeMethodAccessorImpl.invoke(NativeMethodAccessorImpl.java:57)
	at sun.reflect.DelegatingMethodAccessorImpl.invoke(DelegatingMethodAccessorImpl.java:43)
	at java.lang.reflect.Method.invoke(Method.java:606)
	at org.apache.maven.surefire.util.ReflectionUtils.invokeMethodWithArray(ReflectionUtils.java:164)
	at org.apache.maven.surefire.booter.ProviderFactory$ProviderProxy.invoke(ProviderFactory.java:110)
	at org.apache.maven.surefire.booter.SurefireStarter.invokeProvider(SurefireStarter.java:175)
	at org.apache.maven.surefire.booter.SurefireStarter.runSuitesInProcessWhenForked(SurefireStarter.java:107)
	at org.apache.maven.surefire.booter.ForkedBooter.main(ForkedBooter.java:68)
</failure>
  </testcase>
  <testcase time="0" classname="br.inf.ufg.fabrica.mr.ImplementacaoMRTest" name="testObtemTextoTerminologyIdDetailsThrows2"/>
  <testcase time="0" classname="br.inf.ufg.fabrica.mr.ImplementacaoMRTest" name="testObtemTextoCodePhraseThrows1"/>
  <testcase time="0" classname="br.inf.ufg.fabrica.mr.ImplementacaoMRTest" name="testObtemTextoInstructionDetailsThrows1"/>
  <testcase time="0" classname="br.inf.ufg.fabrica.mr.ImplementacaoMRTest" name="testObtemTextoTerminologyIdThrows1"/>
  <testcase time="0" classname="br.inf.ufg.fabrica.mr.ImplementacaoMRTest" name="testObtemTextoOpenEhrCodeSetIdentifiersThrows2"/>
  <testcase time="0" classname="br.inf.ufg.fabrica.mr.ImplementacaoMRTest" name="testObtemTextoOpenEhrCodeSetIdentifiersThrows1"/>
  <testcase time="0.001" classname="br.inf.ufg.fabrica.mr.ImplementacaoMRTest" name="testAdicionaLink"/>
  <testcase time="0.002" classname="br.inf.ufg.fabrica.mr.ImplementacaoMRTest" name="testObtemInteiroLinkThrows1">
    <failure message="Expected test to throw (exception with message a string containing &quot;O campo não existe!&quot; and an instance of java.lang.IllegalArgumentException)" type="java.lang.AssertionError">java.lang.AssertionError: Expected test to throw (exception with message a string containing &quot;O campo não existe!&quot; and an instance of java.lang.IllegalArgumentException)
	at org.junit.rules.ExpectedException$ExpectedExceptionStatement.evaluate(ExpectedException.java:118)
	at org.junit.runners.BlockJUnit4ClassRunner.runChild(BlockJUnit4ClassRunner.java:76)
	at org.junit.runners.BlockJUnit4ClassRunner.runChild(BlockJUnit4ClassRunner.java:50)
	at org.junit.runners.ParentRunner$3.run(ParentRunner.java:193)
	at org.junit.runners.ParentRunner$1.schedule(ParentRunner.java:52)
	at org.junit.runners.ParentRunner.runChildren(ParentRunner.java:191)
	at org.junit.runners.ParentRunner.access$000(ParentRunner.java:42)
	at org.junit.runners.ParentRunner$2.evaluate(ParentRunner.java:184)
	at org.junit.runners.ParentRunner.run(ParentRunner.java:236)
	at org.apache.maven.surefire.junit4.JUnit4TestSet.execute(JUnit4TestSet.java:53)
	at org.apache.maven.surefire.junit4.JUnit4Provider.executeTestSet(JUnit4Provider.java:123)
	at org.apache.maven.surefire.junit4.JUnit4Provider.invoke(JUnit4Provider.java:104)
	at sun.reflect.NativeMethodAccessorImpl.invoke0(Native Method)
	at sun.reflect.NativeMethodAccessorImpl.invoke(NativeMethodAccessorImpl.java:57)
	at sun.reflect.DelegatingMethodAccessorImpl.invoke(DelegatingMethodAccessorImpl.java:43)
	at java.lang.reflect.Method.invoke(Method.java:606)
	at org.apache.maven.surefire.util.ReflectionUtils.invokeMethodWithArray(ReflectionUtils.java:164)
	at org.apache.maven.surefire.booter.ProviderFactory$ProviderProxy.invoke(ProviderFactory.java:110)
	at org.apache.maven.surefire.booter.SurefireStarter.invokeProvider(SurefireStarter.java:175)
	at org.apache.maven.surefire.booter.SurefireStarter.runSuitesInProcessWhenForked(SurefireStarter.java:107)
	at org.apache.maven.surefire.booter.ForkedBooter.main(ForkedBooter.java:68)
</failure>
  </testcase>
  <testcase time="0" classname="br.inf.ufg.fabrica.mr.ImplementacaoMRTest" name="testAdicionaDvIdentifier"/>
  <testcase time="0.003" classname="br.inf.ufg.fabrica.mr.ImplementacaoMRTest" name="testAdicionaIsoOid">
    <error type="java.lang.NullPointerException">java.lang.NullPointerException
	at br.inf.ufg.fabrica.mr.ImplementacaoMR.obtemTexto(ImplementacaoMR.java:1923)
	at br.inf.ufg.fabrica.mr.ImplementacaoMRTest.testAdicionaIsoOid(ImplementacaoMRTest.java:368)
	at sun.reflect.NativeMethodAccessorImpl.invoke0(Native Method)
	at sun.reflect.NativeMethodAccessorImpl.invoke(NativeMethodAccessorImpl.java:57)
	at sun.reflect.DelegatingMethodAccessorImpl.invoke(DelegatingMethodAccessorImpl.java:43)
	at java.lang.reflect.Method.invoke(Method.java:606)
	at org.junit.runners.model.FrameworkMethod$1.runReflectiveCall(FrameworkMethod.java:44)
	at org.junit.internal.runners.model.ReflectiveCallable.run(ReflectiveCallable.java:15)
	at org.junit.runners.model.FrameworkMethod.invokeExplosively(FrameworkMethod.java:41)
	at org.junit.internal.runners.statements.InvokeMethod.evaluate(InvokeMethod.java:20)
	at org.junit.rules.ExpectedException$ExpectedExceptionStatement.evaluate(ExpectedException.java:110)
	at org.junit.runners.BlockJUnit4ClassRunner.runChild(BlockJUnit4ClassRunner.java:76)
	at org.junit.runners.BlockJUnit4ClassRunner.runChild(BlockJUnit4ClassRunner.java:50)
	at org.junit.runners.ParentRunner$3.run(ParentRunner.java:193)
	at org.junit.runners.ParentRunner$1.schedule(ParentRunner.java:52)
	at org.junit.runners.ParentRunner.runChildren(ParentRunner.java:191)
	at org.junit.runners.ParentRunner.access$000(ParentRunner.java:42)
	at org.junit.runners.ParentRunner$2.evaluate(ParentRunner.java:184)
	at org.junit.runners.ParentRunner.run(ParentRunner.java:236)
	at org.apache.maven.surefire.junit4.JUnit4TestSet.execute(JUnit4TestSet.java:53)
	at org.apache.maven.surefire.junit4.JUnit4Provider.executeTestSet(JUnit4Provider.java:123)
	at org.apache.maven.surefire.junit4.JUnit4Provider.invoke(JUnit4Provider.java:104)
	at sun.reflect.NativeMethodAccessorImpl.invoke0(Native Method)
	at sun.reflect.NativeMethodAccessorImpl.invoke(NativeMethodAccessorImpl.java:57)
	at sun.reflect.DelegatingMethodAccessorImpl.invoke(DelegatingMethodAccessorImpl.java:43)
	at java.lang.reflect.Method.invoke(Method.java:606)
	at org.apache.maven.surefire.util.ReflectionUtils.invokeMethodWithArray(ReflectionUtils.java:164)
	at org.apache.maven.surefire.booter.ProviderFactory$ProviderProxy.invoke(ProviderFactory.java:110)
	at org.apache.maven.surefire.booter.SurefireStarter.invokeProvider(SurefireStarter.java:175)
	at org.apache.maven.surefire.booter.SurefireStarter.runSuitesInProcessWhenForked(SurefireStarter.java:107)
	at org.apache.maven.surefire.booter.ForkedBooter.main(ForkedBooter.java:68)
</error>
  </testcase>
  <testcase time="0" classname="br.inf.ufg.fabrica.mr.ImplementacaoMRTest" name="testAdicionaDvParsable"/>
  <testcase time="0.002" classname="br.inf.ufg.fabrica.mr.ImplementacaoMRTest" name="testAdicionaUuid">
    <error type="java.lang.NullPointerException">java.lang.NullPointerException
	at br.inf.ufg.fabrica.mr.ImplementacaoMR.obtemTexto(ImplementacaoMR.java:1923)
	at br.inf.ufg.fabrica.mr.ImplementacaoMRTest.testAdicionaUuid(ImplementacaoMRTest.java:381)
	at sun.reflect.NativeMethodAccessorImpl.invoke0(Native Method)
	at sun.reflect.NativeMethodAccessorImpl.invoke(NativeMethodAccessorImpl.java:57)
	at sun.reflect.DelegatingMethodAccessorImpl.invoke(DelegatingMethodAccessorImpl.java:43)
	at java.lang.reflect.Method.invoke(Method.java:606)
	at org.junit.runners.model.FrameworkMethod$1.runReflectiveCall(FrameworkMethod.java:44)
	at org.junit.internal.runners.model.ReflectiveCallable.run(ReflectiveCallable.java:15)
	at org.junit.runners.model.FrameworkMethod.invokeExplosively(FrameworkMethod.java:41)
	at org.junit.internal.runners.statements.InvokeMethod.evaluate(InvokeMethod.java:20)
	at org.junit.rules.ExpectedException$ExpectedExceptionStatement.evaluate(ExpectedException.java:110)
	at org.junit.runners.BlockJUnit4ClassRunner.runChild(BlockJUnit4ClassRunner.java:76)
	at org.junit.runners.BlockJUnit4ClassRunner.runChild(BlockJUnit4ClassRunner.java:50)
	at org.junit.runners.ParentRunner$3.run(ParentRunner.java:193)
	at org.junit.runners.ParentRunner$1.schedule(ParentRunner.java:52)
	at org.junit.runners.ParentRunner.runChildren(ParentRunner.java:191)
	at org.junit.runners.ParentRunner.access$000(ParentRunner.java:42)
	at org.junit.runners.ParentRunner$2.evaluate(ParentRunner.java:184)
	at org.junit.runners.ParentRunner.run(ParentRunner.java:236)
	at org.apache.maven.surefire.junit4.JUnit4TestSet.execute(JUnit4TestSet.java:53)
	at org.apache.maven.surefire.junit4.JUnit4Provider.executeTestSet(JUnit4Provider.java:123)
	at org.apache.maven.surefire.junit4.JUnit4Provider.invoke(JUnit4Provider.java:104)
	at sun.reflect.NativeMethodAccessorImpl.invoke0(Native Method)
	at sun.reflect.NativeMethodAccessorImpl.invoke(NativeMethodAccessorImpl.java:57)
	at sun.reflect.DelegatingMethodAccessorImpl.invoke(DelegatingMethodAccessorImpl.java:43)
	at java.lang.reflect.Method.invoke(Method.java:606)
	at org.apache.maven.surefire.util.ReflectionUtils.invokeMethodWithArray(ReflectionUtils.java:164)
	at org.apache.maven.surefire.booter.ProviderFactory$ProviderProxy.invoke(ProviderFactory.java:110)
	at org.apache.maven.surefire.booter.SurefireStarter.invokeProvider(SurefireStarter.java:175)
	at org.apache.maven.surefire.booter.SurefireStarter.runSuitesInProcessWhenForked(SurefireStarter.java:107)
	at org.apache.maven.surefire.booter.ForkedBooter.main(ForkedBooter.java:68)
</error>
  </testcase>
  <testcase time="0.001" classname="br.inf.ufg.fabrica.mr.ImplementacaoMRTest" name="testObtemTextoDvEhrUriThrows2"/>
  <testcase time="0" classname="br.inf.ufg.fabrica.mr.ImplementacaoMRTest" name="testAdicionaBasicDefinition"/>
  <testcase time="0" classname="br.inf.ufg.fabrica.mr.ImplementacaoMRTest" name="testAdicionaIsmTransition"/>
  <testcase time="0" classname="br.inf.ufg.fabrica.mr.ImplementacaoMRTest" name="testAdicionaTerminologyId"/>
  <testcase time="0" classname="br.inf.ufg.fabrica.mr.ImplementacaoMRTest" name="testAdicionaDvBoolean"/>
  <testcase time="0.002" classname="br.inf.ufg.fabrica.mr.ImplementacaoMRTest" name="testAdicionaDvUri"/>
  <testcase time="0" classname="br.inf.ufg.fabrica.mr.ImplementacaoMRTest" name="testAdicionaOpenEhrDefinition"/>
  <testcase time="0.001" classname="br.inf.ufg.fabrica.mr.ImplementacaoMRTest" name="testAdicionaGenericEntry"/>
  <testcase time="0" classname="br.inf.ufg.fabrica.mr.ImplementacaoMRTest" name="testAdicionaCodePhrase"/>
  <testcase time="0" classname="br.inf.ufg.fabrica.mr.ImplementacaoMRTest" name="testAdicionaDvParsable1"/>
  <testcase time="0" classname="br.inf.ufg.fabrica.mr.ImplementacaoMRTest" name="testAdicionaTerminologyId1"/>
  <testcase time="0.001" classname="br.inf.ufg.fabrica.mr.ImplementacaoMRTest" name="testAdicionaHierObjectId1">
    <error message="O objeto não existe!" type="java.lang.IllegalArgumentException">java.lang.IllegalArgumentException: O objeto não existe!
	at br.inf.ufg.fabrica.mr.ImplementacaoMR.obtemTexto(ImplementacaoMR.java:1695)
	at br.inf.ufg.fabrica.mr.ImplementacaoMRTest.testAdicionaHierObjectId1(ImplementacaoMRTest.java:420)
	at sun.reflect.NativeMethodAccessorImpl.invoke0(Native Method)
	at sun.reflect.NativeMethodAccessorImpl.invoke(NativeMethodAccessorImpl.java:57)
	at sun.reflect.DelegatingMethodAccessorImpl.invoke(DelegatingMethodAccessorImpl.java:43)
	at java.lang.reflect.Method.invoke(Method.java:606)
	at org.junit.runners.model.FrameworkMethod$1.runReflectiveCall(FrameworkMethod.java:44)
	at org.junit.internal.runners.model.ReflectiveCallable.run(ReflectiveCallable.java:15)
	at org.junit.runners.model.FrameworkMethod.invokeExplosively(FrameworkMethod.java:41)
	at org.junit.internal.runners.statements.InvokeMethod.evaluate(InvokeMethod.java:20)
	at org.junit.rules.ExpectedException$ExpectedExceptionStatement.evaluate(ExpectedException.java:110)
	at org.junit.runners.BlockJUnit4ClassRunner.runChild(BlockJUnit4ClassRunner.java:76)
	at org.junit.runners.BlockJUnit4ClassRunner.runChild(BlockJUnit4ClassRunner.java:50)
	at org.junit.runners.ParentRunner$3.run(ParentRunner.java:193)
	at org.junit.runners.ParentRunner$1.schedule(ParentRunner.java:52)
	at org.junit.runners.ParentRunner.runChildren(ParentRunner.java:191)
	at org.junit.runners.ParentRunner.access$000(ParentRunner.java:42)
	at org.junit.runners.ParentRunner$2.evaluate(ParentRunner.java:184)
	at org.junit.runners.ParentRunner.run(ParentRunner.java:236)
	at org.apache.maven.surefire.junit4.JUnit4TestSet.execute(JUnit4TestSet.java:53)
	at org.apache.maven.surefire.junit4.JUnit4Provider.executeTestSet(JUnit4Provider.java:123)
	at org.apache.maven.surefire.junit4.JUnit4Provider.invoke(JUnit4Provider.java:104)
	at sun.reflect.NativeMethodAccessorImpl.invoke0(Native Method)
	at sun.reflect.NativeMethodAccessorImpl.invoke(NativeMethodAccessorImpl.java:57)
	at sun.reflect.DelegatingMethodAccessorImpl.invoke(DelegatingMethodAccessorImpl.java:43)
	at java.lang.reflect.Method.invoke(Method.java:606)
	at org.apache.maven.surefire.util.ReflectionUtils.invokeMethodWithArray(ReflectionUtils.java:164)
	at org.apache.maven.surefire.booter.ProviderFactory$ProviderProxy.invoke(ProviderFactory.java:110)
	at org.apache.maven.surefire.booter.SurefireStarter.invokeProvider(SurefireStarter.java:175)
	at org.apache.maven.surefire.booter.SurefireStarter.runSuitesInProcessWhenForked(SurefireStarter.java:107)
	at org.apache.maven.surefire.booter.ForkedBooter.main(ForkedBooter.java:68)
</error>
  </testcase>
  <testcase time="0.001" classname="br.inf.ufg.fabrica.mr.ImplementacaoMRTest" name="testAdicionaObjectVersionId">
    <error message="O objeto não existe!" type="java.lang.IllegalArgumentException">java.lang.IllegalArgumentException: O objeto não existe!
	at br.inf.ufg.fabrica.mr.ImplementacaoMR.obtemTexto(ImplementacaoMR.java:1695)
	at br.inf.ufg.fabrica.mr.ImplementacaoMRTest.testAdicionaObjectVersionId(ImplementacaoMRTest.java:435)
	at sun.reflect.NativeMethodAccessorImpl.invoke0(Native Method)
	at sun.reflect.NativeMethodAccessorImpl.invoke(NativeMethodAccessorImpl.java:57)
	at sun.reflect.DelegatingMethodAccessorImpl.invoke(DelegatingMethodAccessorImpl.java:43)
	at java.lang.reflect.Method.invoke(Method.java:606)
	at org.junit.runners.model.FrameworkMethod$1.runReflectiveCall(FrameworkMethod.java:44)
	at org.junit.internal.runners.model.ReflectiveCallable.run(ReflectiveCallable.java:15)
	at org.junit.runners.model.FrameworkMethod.invokeExplosively(FrameworkMethod.java:41)
	at org.junit.internal.runners.statements.InvokeMethod.evaluate(InvokeMethod.java:20)
	at org.junit.rules.ExpectedException$ExpectedExceptionStatement.evaluate(ExpectedException.java:110)
	at org.junit.runners.BlockJUnit4ClassRunner.runChild(BlockJUnit4ClassRunner.java:76)
	at org.junit.runners.BlockJUnit4ClassRunner.runChild(BlockJUnit4ClassRunner.java:50)
	at org.junit.runners.ParentRunner$3.run(ParentRunner.java:193)
	at org.junit.runners.ParentRunner$1.schedule(ParentRunner.java:52)
	at org.junit.runners.ParentRunner.runChildren(ParentRunner.java:191)
	at org.junit.runners.ParentRunner.access$000(ParentRunner.java:42)
	at org.junit.runners.ParentRunner$2.evaluate(ParentRunner.java:184)
	at org.junit.runners.ParentRunner.run(ParentRunner.java:236)
	at org.apache.maven.surefire.junit4.JUnit4TestSet.execute(JUnit4TestSet.java:53)
	at org.apache.maven.surefire.junit4.JUnit4Provider.executeTestSet(JUnit4Provider.java:123)
	at org.apache.maven.surefire.junit4.JUnit4Provider.invoke(JUnit4Provider.java:104)
	at sun.reflect.NativeMethodAccessorImpl.invoke0(Native Method)
	at sun.reflect.NativeMethodAccessorImpl.invoke(NativeMethodAccessorImpl.java:57)
	at sun.reflect.DelegatingMethodAccessorImpl.invoke(DelegatingMethodAccessorImpl.java:43)
	at java.lang.reflect.Method.invoke(Method.java:606)
	at org.apache.maven.surefire.util.ReflectionUtils.invokeMethodWithArray(ReflectionUtils.java:164)
	at org.apache.maven.surefire.booter.ProviderFactory$ProviderProxy.invoke(ProviderFactory.java:110)
	at org.apache.maven.surefire.booter.SurefireStarter.invokeProvider(SurefireStarter.java:175)
	at org.apache.maven.surefire.booter.SurefireStarter.runSuitesInProcessWhenForked(SurefireStarter.java:107)
	at org.apache.maven.surefire.booter.ForkedBooter.main(ForkedBooter.java:68)
</error>
  </testcase>
  <testcase time="0" classname="br.inf.ufg.fabrica.mr.ImplementacaoMRTest" name="testObtemTextoDvUriThrows2"/>
  <testcase time="0.001" classname="br.inf.ufg.fabrica.mr.ImplementacaoMRTest" name="testObtemInteiroLinkThrows2"/>
  <testcase time="0.002" classname="br.inf.ufg.fabrica.mr.ImplementacaoMRTest" name="testAdicionaObjectVersionId1">
    <error message="O objeto não existe!" type="java.lang.IllegalArgumentException">java.lang.IllegalArgumentException: O objeto não existe!
	at br.inf.ufg.fabrica.mr.ImplementacaoMR.obtemTexto(ImplementacaoMR.java:1695)
	at br.inf.ufg.fabrica.mr.ImplementacaoMRTest.testAdicionaObjectVersionId1(ImplementacaoMRTest.java:448)
	at sun.reflect.NativeMethodAccessorImpl.invoke0(Native Method)
	at sun.reflect.NativeMethodAccessorImpl.invoke(NativeMethodAccessorImpl.java:57)
	at sun.reflect.DelegatingMethodAccessorImpl.invoke(DelegatingMethodAccessorImpl.java:43)
	at java.lang.reflect.Method.invoke(Method.java:606)
	at org.junit.runners.model.FrameworkMethod$1.runReflectiveCall(FrameworkMethod.java:44)
	at org.junit.internal.runners.model.ReflectiveCallable.run(ReflectiveCallable.java:15)
	at org.junit.runners.model.FrameworkMethod.invokeExplosively(FrameworkMethod.java:41)
	at org.junit.internal.runners.statements.InvokeMethod.evaluate(InvokeMethod.java:20)
	at org.junit.rules.ExpectedException$ExpectedExceptionStatement.evaluate(ExpectedException.java:110)
	at org.junit.runners.BlockJUnit4ClassRunner.runChild(BlockJUnit4ClassRunner.java:76)
	at org.junit.runners.BlockJUnit4ClassRunner.runChild(BlockJUnit4ClassRunner.java:50)
	at org.junit.runners.ParentRunner$3.run(ParentRunner.java:193)
	at org.junit.runners.ParentRunner$1.schedule(ParentRunner.java:52)
	at org.junit.runners.ParentRunner.runChildren(ParentRunner.java:191)
	at org.junit.runners.ParentRunner.access$000(ParentRunner.java:42)
	at org.junit.runners.ParentRunner$2.evaluate(ParentRunner.java:184)
	at org.junit.runners.ParentRunner.run(ParentRunner.java:236)
	at org.apache.maven.surefire.junit4.JUnit4TestSet.execute(JUnit4TestSet.java:53)
	at org.apache.maven.surefire.junit4.JUnit4Provider.executeTestSet(JUnit4Provider.java:123)
	at org.apache.maven.surefire.junit4.JUnit4Provider.invoke(JUnit4Provider.java:104)
	at sun.reflect.NativeMethodAccessorImpl.invoke0(Native Method)
	at sun.reflect.NativeMethodAccessorImpl.invoke(NativeMethodAccessorImpl.java:57)
	at sun.reflect.DelegatingMethodAccessorImpl.invoke(DelegatingMethodAccessorImpl.java:43)
	at java.lang.reflect.Method.invoke(Method.java:606)
	at org.apache.maven.surefire.util.ReflectionUtils.invokeMethodWithArray(ReflectionUtils.java:164)
	at org.apache.maven.surefire.booter.ProviderFactory$ProviderProxy.invoke(ProviderFactory.java:110)
	at org.apache.maven.surefire.booter.SurefireStarter.invokeProvider(SurefireStarter.java:175)
	at org.apache.maven.surefire.booter.SurefireStarter.runSuitesInProcessWhenForked(SurefireStarter.java:107)
	at org.apache.maven.surefire.booter.ForkedBooter.main(ForkedBooter.java:68)
</error>
  </testcase>
  <testcase time="0.001" classname="br.inf.ufg.fabrica.mr.ImplementacaoMRTest" name="testAdicionaHierObjectId">
    <error message="O objeto não existe!" type="java.lang.IllegalArgumentException">java.lang.IllegalArgumentException: O objeto não existe!
	at br.inf.ufg.fabrica.mr.ImplementacaoMR.obtemTexto(ImplementacaoMR.java:1695)
	at br.inf.ufg.fabrica.mr.ImplementacaoMRTest.testAdicionaHierObjectId(ImplementacaoMRTest.java:407)
	at sun.reflect.NativeMethodAccessorImpl.invoke0(Native Method)
	at sun.reflect.NativeMethodAccessorImpl.invoke(NativeMethodAccessorImpl.java:57)
	at sun.reflect.DelegatingMethodAccessorImpl.invoke(DelegatingMethodAccessorImpl.java:43)
	at java.lang.reflect.Method.invoke(Method.java:606)
	at org.junit.runners.model.FrameworkMethod$1.runReflectiveCall(FrameworkMethod.java:44)
	at org.junit.internal.runners.model.ReflectiveCallable.run(ReflectiveCallable.java:15)
	at org.junit.runners.model.FrameworkMethod.invokeExplosively(FrameworkMethod.java:41)
	at org.junit.internal.runners.statements.InvokeMethod.evaluate(InvokeMethod.java:20)
	at org.junit.rules.ExpectedException$ExpectedExceptionStatement.evaluate(ExpectedException.java:110)
	at org.junit.runners.BlockJUnit4ClassRunner.runChild(BlockJUnit4ClassRunner.java:76)
	at org.junit.runners.BlockJUnit4ClassRunner.runChild(BlockJUnit4ClassRunner.java:50)
	at org.junit.runners.ParentRunner$3.run(ParentRunner.java:193)
	at org.junit.runners.ParentRunner$1.schedule(ParentRunner.java:52)
	at org.junit.runners.ParentRunner.runChildren(ParentRunner.java:191)
	at org.junit.runners.ParentRunner.access$000(ParentRunner.java:42)
	at org.junit.runners.ParentRunner$2.evaluate(ParentRunner.java:184)
	at org.junit.runners.ParentRunner.run(ParentRunner.java:236)
	at org.apache.maven.surefire.junit4.JUnit4TestSet.execute(JUnit4TestSet.java:53)
	at org.apache.maven.surefire.junit4.JUnit4Provider.executeTestSet(JUnit4Provider.java:123)
	at org.apache.maven.surefire.junit4.JUnit4Provider.invoke(JUnit4Provider.java:104)
	at sun.reflect.NativeMethodAccessorImpl.invoke0(Native Method)
	at sun.reflect.NativeMethodAccessorImpl.invoke(NativeMethodAccessorImpl.java:57)
	at sun.reflect.DelegatingMethodAccessorImpl.invoke(DelegatingMethodAccessorImpl.java:43)
	at java.lang.reflect.Method.invoke(Method.java:606)
	at org.apache.maven.surefire.util.ReflectionUtils.invokeMethodWithArray(ReflectionUtils.java:164)
	at org.apache.maven.surefire.booter.ProviderFactory$ProviderProxy.invoke(ProviderFactory.java:110)
	at org.apache.maven.surefire.booter.SurefireStarter.invokeProvider(SurefireStarter.java:175)
	at org.apache.maven.surefire.booter.SurefireStarter.runSuitesInProcessWhenForked(SurefireStarter.java:107)
	at org.apache.maven.surefire.booter.ForkedBooter.main(ForkedBooter.java:68)
</error>
  </testcase>
  <testcase time="0" classname="br.inf.ufg.fabrica.mr.ImplementacaoMRTest" name="testAdicionaArchetyped"/>
  <testcase time="0.001" classname="br.inf.ufg.fabrica.mr.ImplementacaoMRTest" name="testAdicionaInternetId">
    <error message="O objeto não existe!" type="java.lang.IllegalArgumentException">java.lang.IllegalArgumentException: O objeto não existe!
	at br.inf.ufg.fabrica.mr.ImplementacaoMR.obtemTexto(ImplementacaoMR.java:1695)
	at br.inf.ufg.fabrica.mr.ImplementacaoMRTest.testAdicionaInternetId(ImplementacaoMRTest.java:394)
	at sun.reflect.NativeMethodAccessorImpl.invoke0(Native Method)
	at sun.reflect.NativeMethodAccessorImpl.invoke(NativeMethodAccessorImpl.java:57)
	at sun.reflect.DelegatingMethodAccessorImpl.invoke(DelegatingMethodAccessorImpl.java:43)
	at java.lang.reflect.Method.invoke(Method.java:606)
	at org.junit.runners.model.FrameworkMethod$1.runReflectiveCall(FrameworkMethod.java:44)
	at org.junit.internal.runners.model.ReflectiveCallable.run(ReflectiveCallable.java:15)
	at org.junit.runners.model.FrameworkMethod.invokeExplosively(FrameworkMethod.java:41)
	at org.junit.internal.runners.statements.InvokeMethod.evaluate(InvokeMethod.java:20)
	at org.junit.rules.ExpectedException$ExpectedExceptionStatement.evaluate(ExpectedException.java:110)
	at org.junit.runners.BlockJUnit4ClassRunner.runChild(BlockJUnit4ClassRunner.java:76)
	at org.junit.runners.BlockJUnit4ClassRunner.runChild(BlockJUnit4ClassRunner.java:50)
	at org.junit.runners.ParentRunner$3.run(ParentRunner.java:193)
	at org.junit.runners.ParentRunner$1.schedule(ParentRunner.java:52)
	at org.junit.runners.ParentRunner.runChildren(ParentRunner.java:191)
	at org.junit.runners.ParentRunner.access$000(ParentRunner.java:42)
	at org.junit.runners.ParentRunner$2.evaluate(ParentRunner.java:184)
	at org.junit.runners.ParentRunner.run(ParentRunner.java:236)
	at org.apache.maven.surefire.junit4.JUnit4TestSet.execute(JUnit4TestSet.java:53)
	at org.apache.maven.surefire.junit4.JUnit4Provider.executeTestSet(JUnit4Provider.java:123)
	at org.apache.maven.surefire.junit4.JUnit4Provider.invoke(JUnit4Provider.java:104)
	at sun.reflect.NativeMethodAccessorImpl.invoke0(Native Method)
	at sun.reflect.NativeMethodAccessorImpl.invoke(NativeMethodAccessorImpl.java:57)
	at sun.reflect.DelegatingMethodAccessorImpl.invoke(DelegatingMethodAccessorImpl.java:43)
	at java.lang.reflect.Method.invoke(Method.java:606)
	at org.apache.maven.surefire.util.ReflectionUtils.invokeMethodWithArray(ReflectionUtils.java:164)
	at org.apache.maven.surefire.booter.ProviderFactory$ProviderProxy.invoke(ProviderFactory.java:110)
	at org.apache.maven.surefire.booter.SurefireStarter.invokeProvider(SurefireStarter.java:175)
	at org.apache.maven.surefire.booter.SurefireStarter.runSuitesInProcessWhenForked(SurefireStarter.java:107)
	at org.apache.maven.surefire.booter.ForkedBooter.main(ForkedBooter.java:68)
</error>
  </testcase>
  <testcase time="0" classname="br.inf.ufg.fabrica.mr.ImplementacaoMRTest" name="testAdicionaVersionedComposition"/>
  <testcase time="0" classname="br.inf.ufg.fabrica.mr.ImplementacaoMRTest" name="testObtemValorLogicoDvBooleanThrows1"/>
  <testcase time="0.001" classname="br.inf.ufg.fabrica.mr.ImplementacaoMRTest" name="testObtemTextoOpenEhrTerminologyGroupThrows1"/>
  <testcase time="0" classname="br.inf.ufg.fabrica.mr.ImplementacaoMRTest" name="testObtemValorLogicoDvBooleanThrows2"/>
  <testcase time="0.001" classname="br.inf.ufg.fabrica.mr.ImplementacaoMRTest" name="testObtemTextoBasicDefinitionsThrows1"/>
  <testcase time="0" classname="br.inf.ufg.fabrica.mr.ImplementacaoMRTest" name="testObtemTextoBasicDefinitionsThrows2"/>
  <testcase time="0.002" classname="br.inf.ufg.fabrica.mr.ImplementacaoMRTest" name="testObtemTextoOpenEhrDefinitionsThrows1">
    <failure message="
Expected: (exception with message a string containing &quot;O campo não existe!&quot; and an instance of java.lang.IllegalArgumentException)
     got: &lt;java.lang.IllegalArgumentException: O campo não é do tipo texto!&gt;
" type="java.lang.AssertionError">java.lang.AssertionError: 
Expected: (exception with message a string containing &quot;O campo não existe!&quot; and an instance of java.lang.IllegalArgumentException)
     got: &lt;java.lang.IllegalArgumentException: O campo não é do tipo texto!&gt;

	at org.junit.Assert.assertThat(Assert.java:778)
	at org.junit.Assert.assertThat(Assert.java:736)
	at org.junit.rules.ExpectedException$ExpectedExceptionStatement.evaluate(ExpectedException.java:114)
	at org.junit.runners.BlockJUnit4ClassRunner.runChild(BlockJUnit4ClassRunner.java:76)
	at org.junit.runners.BlockJUnit4ClassRunner.runChild(BlockJUnit4ClassRunner.java:50)
	at org.junit.runners.ParentRunner$3.run(ParentRunner.java:193)
	at org.junit.runners.ParentRunner$1.schedule(ParentRunner.java:52)
	at org.junit.runners.ParentRunner.runChildren(ParentRunner.java:191)
	at org.junit.runners.ParentRunner.access$000(ParentRunner.java:42)
	at org.junit.runners.ParentRunner$2.evaluate(ParentRunner.java:184)
	at org.junit.runners.ParentRunner.run(ParentRunner.java:236)
	at org.apache.maven.surefire.junit4.JUnit4TestSet.execute(JUnit4TestSet.java:53)
	at org.apache.maven.surefire.junit4.JUnit4Provider.executeTestSet(JUnit4Provider.java:123)
	at org.apache.maven.surefire.junit4.JUnit4Provider.invoke(JUnit4Provider.java:104)
	at sun.reflect.NativeMethodAccessorImpl.invoke0(Native Method)
	at sun.reflect.NativeMethodAccessorImpl.invoke(NativeMethodAccessorImpl.java:57)
	at sun.reflect.DelegatingMethodAccessorImpl.invoke(DelegatingMethodAccessorImpl.java:43)
	at java.lang.reflect.Method.invoke(Method.java:606)
	at org.apache.maven.surefire.util.ReflectionUtils.invokeMethodWithArray(ReflectionUtils.java:164)
	at org.apache.maven.surefire.booter.ProviderFactory$ProviderProxy.invoke(ProviderFactory.java:110)
	at org.apache.maven.surefire.booter.SurefireStarter.invokeProvider(SurefireStarter.java:175)
	at org.apache.maven.surefire.booter.SurefireStarter.runSuitesInProcessWhenForked(SurefireStarter.java:107)
	at org.apache.maven.surefire.booter.ForkedBooter.main(ForkedBooter.java:68)
</failure>
  </testcase>
  <testcase time="0" classname="br.inf.ufg.fabrica.mr.ImplementacaoMRTest" name="testObtemTextoOpenEhrDefinitionsThrows2"/>
  <testcase time="0.001" classname="br.inf.ufg.fabrica.mr.ImplementacaoMRTest" name="testAdicionaOpenEhrCodeSetIdentifiers"/>
  <testcase time="0.007" classname="br.inf.ufg.fabrica.mr.ImplementacaoMRTest" name="testObtemTextoVersionedEhrAccessThrows1"/>
  <testcase time="0.001" classname="br.inf.ufg.fabrica.mr.ImplementacaoMRTest" name="testObtemInteiroVersionedEhrAccessThrows2"/>
  <testcase time="0.002" classname="br.inf.ufg.fabrica.mr.ImplementacaoMRTest" name="testObtemTextoDvIdentifierThrows2"/>
  <testcase time="0" classname="br.inf.ufg.fabrica.mr.ImplementacaoMRTest" name="testObtemValorLogicoDvUriThrows1"/>
  <testcase time="0" classname="br.inf.ufg.fabrica.mr.ImplementacaoMRTest" name="testAdicionaFeederAuditDetails"/>
  <testcase time="0.001" classname="br.inf.ufg.fabrica.mr.ImplementacaoMRTest" name="testObtemTextoDvIdentifierThrows1"/>
  <testcase time="0.001" classname="br.inf.ufg.fabrica.mr.ImplementacaoMRTest" name="testObtemTextoOpenEhrTerminologyGroupThrows2"/>
  <testcase time="0" classname="br.inf.ufg.fabrica.mr.ImplementacaoMRTest" name="testObtemTextoTerminologyServicesThrows2"/>
  <testcase time="0.002" classname="br.inf.ufg.fabrica.mr.ImplementacaoMRTest" name="testObtemTextoVersionedEhrAccessThrows2"/>
  <testcase time="0.001" classname="br.inf.ufg.fabrica.mr.ImplementacaoMRTest" name="testObtemTextoTerminologyServicesThrows1"/>
  <testcase time="0.003" classname="br.inf.ufg.fabrica.mr.ImplementacaoMRTest" name="testObtemInteiroVersionedEhrAccessThrows1"/>
  <testcase time="0.001" classname="br.inf.ufg.fabrica.mr.ImplementacaoMRTest" name="testObtemTextoVersionedEhrStatusThrows1"/>
  <testcase time="0.001" classname="br.inf.ufg.fabrica.mr.ImplementacaoMRTest" name="testObtemTextoVersionedEhrStatusThrows2"/>
  <testcase time="0" classname="br.inf.ufg.fabrica.mr.ImplementacaoMRTest" name="testObtemInteiroVersionedEhrStatusThrows1"/>
  <testcase time="0.001" classname="br.inf.ufg.fabrica.mr.ImplementacaoMRTest" name="testObtemInteiroVersionedEhrStatusThrows2"/>
  <testcase time="0.001" classname="br.inf.ufg.fabrica.mr.ImplementacaoMRTest" name="testAdicionaOpenEhrTerminologyGroup"/>
  <testcase time="0.004" classname="br.inf.ufg.fabrica.mr.ImplementacaoMRTest" name="testAdicionaVersionedEhrAccess"/>
  <testcase time="0" classname="br.inf.ufg.fabrica.mr.ImplementacaoMRTest" name="testAdicionaInstructionDetails"/>
  <testcase time="0" classname="br.inf.ufg.fabrica.mr.ImplementacaoMRTest" name="testAdicionaTerminologyService"/>
  <testcase time="0" classname="br.inf.ufg.fabrica.mr.ImplementacaoMRTest" name="testAdicionaVersionedEhrStatus"/>
  <testcase time="0.001" classname="br.inf.ufg.fabrica.mr.ImplementacaoMRTest" name="testObtemValorLogicoDvEhrUriThrows1"/>
</testsuite>